<?xml version="1.0" encoding="UTF-8"?>
<!-- Generated by org.testng.reporters.JUnitXMLReporter -->
<testsuite ignored="0" hostname="Shrestha" failures="0" tests="4" name="Test" time="0.09" errors="0" timestamp="2022-09-13T20:47:56 EDT">
  <testcase classname="com.automation.TestFirst" name="Test1" time="0.012"/>
  <testcase classname="com.automation.TestFirst" name="Test2" time="0.002"/>
  <testcase classname="com.automation.TestFirst" name="Test3" time="0.002"/>
  <testcase classname="com.automation.TestSecond" name="test2" time="0.002"/>
</testsuite> <!-- Test -->
