<?xml version="1.0" encoding="UTF-8"?>
<!-- Generated by org.testng.reporters.JUnitXMLReporter -->
<testsuite ignored="0" hostname="Shrestha" failures="0" tests="3" name="Default test" time="0.076" errors="0" timestamp="2022-09-13T20:11:47 EDT">
  <testcase classname="com.automation.TestSecond" name="test2" time="0.012"/>
  <testcase classname="com.automation.TestFirst" name="Test" time="0.001"/>
  <testcase classname="com.automation.TestFirst" name="Test1" time="0.001"/>
</testsuite> <!-- Default test -->
