<?xml version="1.0" encoding="UTF-8"?>
<!-- Generated by org.testng.reporters.JUnitXMLReporter -->
<testsuite ignored="3" hostname="Shrestha" failures="0" tests="1" name="Name could be any" time="0.021" errors="0" timestamp="2022-09-10T18:39:22 EDT">
  <testcase classname="com.automation.SecondTest" name="two" time="0.007"/>
  <testcase classname="com.automation.SecondTest" name="one" time="0.0">
    <ignored/>
  </testcase> <!-- one -->
  <testcase classname="com.automation.SecondTest" name="four" time="0.0">
    <ignored/>
  </testcase> <!-- four -->
  <testcase classname="com.automation.SecondTest" name="three" time="0.0">
    <ignored/>
  </testcase> <!-- three -->
</testsuite> <!-- Name could be any -->
