<?xml version="1.0" encoding="UTF-8"?>
<!-- Generated by org.testng.reporters.JUnitXMLReporter -->
<testsuite ignored="0" hostname="Shrestha" failures="0" tests="3" name="TestAutomation" time="0.227" errors="0" timestamp="2022-09-10T18:19:25 EDT">
  <testcase classname="com.automation.Demo" name="test" time="0.04"/>
  <testcase classname="com.automation.TestFirst" name="Test" time="0.003"/>
  <testcase classname="com.automation.TestFirst" name="test1" time="0.002"/>
</testsuite> <!-- TestAutomation -->
