<?xml version="1.0" encoding="UTF-8"?>
<!-- Generated by org.testng.reporters.JUnitXMLReporter -->
<testsuite ignored="1" hostname="Shrestha" failures="0" tests="2" name="Test" time="0.073" errors="0" timestamp="2022-09-13T20:11:11 EDT">
  <testcase classname="com.automation.TestFirst" name="Test" time="0.011"/>
  <testcase classname="com.automation.TestSecond" name="test2" time="0.001"/>
  <testcase classname="com.automation.TestFirst" name="Test1" time="0.0">
    <ignored/>
  </testcase> <!-- Test1 -->
</testsuite> <!-- Test -->
