<?xml version="1.0" encoding="UTF-8"?>
<testng-results ignored="0" total="4" passed="4" failed="0" skipped="0">
  <reporter-output>
  </reporter-output>
  <suite started-at="2022-09-13T20:47:56 EDT" name="Aawash Suite" finished-at="2022-09-13T20:47:56 EDT" duration-ms="90">
    <groups>
      <group name="sanity">
        <method signature="TestFirst.Test1()[pri:0, instance:com.automation.TestFirst@2ea41516]" name="Test1" class="com.automation.TestFirst"/>
        <method signature="TestFirst.Test3()[pri:0, instance:com.automation.TestFirst@2ea41516]" name="Test3" class="com.automation.TestFirst"/>
      </group> <!-- sanity -->
      <group name="smoketest">
        <method signature="TestFirst.Test1()[pri:0, instance:com.automation.TestFirst@2ea41516]" name="Test1" class="com.automation.TestFirst"/>
        <method signature="TestFirst.Test2()[pri:0, instance:com.automation.TestFirst@2ea41516]" name="Test2" class="com.automation.TestFirst"/>
      </group> <!-- smoketest -->
    </groups>
    <test started-at="2022-09-13T20:47:56 EDT" name="Test" finished-at="2022-09-13T20:47:56 EDT" duration-ms="90">
      <class name="com.automation.TestFirst">
        <test-method signature="Test1()[pri:0, instance:com.automation.TestFirst@2ea41516]" started-at="2022-09-13T20:47:56 EDT" name="Test1" finished-at="2022-09-13T20:47:56 EDT" duration-ms="12" status="PASS">
          <reporter-output>
          </reporter-output>
        </test-method> <!-- Test1 -->
        <test-method signature="Test2()[pri:0, instance:com.automation.TestFirst@2ea41516]" started-at="2022-09-13T20:47:56 EDT" name="Test2" finished-at="2022-09-13T20:47:56 EDT" duration-ms="2" status="PASS">
          <reporter-output>
          </reporter-output>
        </test-method> <!-- Test2 -->
        <test-method signature="Test3()[pri:0, instance:com.automation.TestFirst@2ea41516]" started-at="2022-09-13T20:47:56 EDT" name="Test3" finished-at="2022-09-13T20:47:56 EDT" duration-ms="2" status="PASS">
          <reporter-output>
          </reporter-output>
        </test-method> <!-- Test3 -->
        <test-method is-config="true" signature="Test()[pri:0, instance:com.automation.TestFirst@2ea41516]" started-at="2022-09-13T20:47:56 EDT" name="Test" finished-at="2022-09-13T20:47:56 EDT" duration-ms="1" status="PASS">
          <reporter-output>
          </reporter-output>
        </test-method> <!-- Test -->
      </class> <!-- com.automation.TestFirst -->
      <class name="com.automation.TestSecond">
        <test-method signature="test2()[pri:0, instance:com.automation.TestSecond@316bcf94]" started-at="2022-09-13T20:47:56 EDT" name="test2" finished-at="2022-09-13T20:47:56 EDT" duration-ms="2" status="PASS">
          <reporter-output>
          </reporter-output>
        </test-method> <!-- test2 -->
      </class> <!-- com.automation.TestSecond -->
    </test> <!-- Test -->
  </suite> <!-- Aawash Suite -->
</testng-results>
